0 info it worked if it ends with ok
1 verbose cli [ 'node', '/usr/local/bin/npm', 'run-script', 'tartDEV' ]
2 info using npm@2.7.3
3 info using node@v0.10.25
4 verbose node symlink /usr/bin/node
5 verbose stack Error: missing script: tartDEV
5 verbose stack     at run (/usr/local/lib/node_modules/npm/lib/run-script.js:165:19)
5 verbose stack     at /usr/local/lib/node_modules/npm/lib/run-script.js:81:5
5 verbose stack     at /usr/local/lib/node_modules/npm/node_modules/read-package-json/read-json.js:52:40
5 verbose stack     at /usr/local/lib/node_modules/npm/node_modules/read-package-json/read-json.js:376:33
5 verbose stack     at checkBinReferences_ (/usr/local/lib/node_modules/npm/node_modules/read-package-json/read-json.js:341:59)
5 verbose stack     at final (/usr/local/lib/node_modules/npm/node_modules/read-package-json/read-json.js:373:17)
5 verbose stack     at then (/usr/local/lib/node_modules/npm/node_modules/read-package-json/read-json.js:127:33)
5 verbose stack     at /usr/local/lib/node_modules/npm/node_modules/read-package-json/read-json.js:332:40
5 verbose stack     at evalmachine.<anonymous>:268:14
5 verbose stack     at /usr/local/lib/node_modules/npm/node_modules/graceful-fs/graceful-fs.js:102:5
6 verbose cwd /home/cactus/dev/space
7 error Linux 3.13.0-27-generic
8 error argv "node" "/usr/local/bin/npm" "run-script" "tartDEV"
9 error node v0.10.25
10 error npm  v2.7.3
11 error missing script: tartDEV
12 error If you need help, you may report this error at:
12 error     <https://github.com/npm/npm/issues>
13 verbose exit [ 1, true ]
